<!DOCTYPE html>

<html>
  <head>
  <meta charset='utf-8'>
  <title>TestNG reports</title>

    <link type="text/css" href="testng-reports1.css" rel="stylesheet" id="ultra" />
    <link type="text/css" href="testng-reports.css" rel="stylesheet" id="retro" disabled="false"/>
    <script type="text/javascript" src="jquery-3.6.0.min.js"></script>
    <script type="text/javascript" src="testng-reports.js"></script>
    <script type="text/javascript" src="https://www.google.com/jsapi"></script>
    <script type='text/javascript'>
      google.load('visualization', '1', {packages:['table']});
      google.setOnLoadCallback(drawTable);
      var suiteTableInitFunctions = new Array();
      var suiteTableData = new Array();
    </script>
    <!--
      <script type="text/javascript" src="jquery-ui/js/jquery-ui-1.8.16.custom.min.js"></script>
     -->
  </head>

  <body>    <div class="top-banner-root">
      <span class="top-banner-title-font">Test results</span>
      <button id="button" class="button">Switch Retro Theme</button> <!-- button -->
      <br/>
      <span class="top-banner-font-1">1 suite, 13 failed tests</span>
    </div> <!-- top-banner-root -->
    <div class="navigator-root">
      <div class="navigator-suite-header">
        <span>All suites</span>
        <a href="#" title="Collapse/expand all the suites" class="collapse-all-link">
          <img src="collapseall.gif" class="collapse-all-icon">
          </img> <!-- collapse-all-icon -->
        </a> <!-- collapse-all-link -->
      </div> <!-- navigator-suite-header -->
      <div class="suite">
        <div class="rounded-window">
          <div class="suite-header light-rounded-window-top">
            <a href="#" panel-name="suite-Banking_Application_Tests" class="navigator-link">
              <span class="suite-name border-failed">Banking Application Tests</span>
            </a> <!-- navigator-link -->
          </div> <!-- suite-header light-rounded-window-top -->
          <div class="navigator-suite-content">
            <div class="suite-section-title">
              <span>Info</span>
            </div> <!-- suite-section-title -->
            <div class="suite-section-content">
              <ul>
                <li>
                  <a href="#" panel-name="test-xml-Banking_Application_Tests" class="navigator-link ">
                    <span>C:\UPDATED SELENIUM CASE STUDY\BankingApllication\TestNGTestSuite.xml</span>
                  </a> <!-- navigator-link  -->
                </li>
                <li>
                  <a href="#" panel-name="testlist-Banking_Application_Tests" class="navigator-link ">
                    <span class="test-stats">2 tests</span>
                  </a> <!-- navigator-link  -->
                </li>
                <li>
                  <a href="#" panel-name="group-Banking_Application_Tests" class="navigator-link ">
                    <span>2 groups</span>
                  </a> <!-- navigator-link  -->
                </li>
                <li>
                  <a href="#" panel-name="times-Banking_Application_Tests" class="navigator-link ">
                    <span>Times</span>
                  </a> <!-- navigator-link  -->
                </li>
                <li>
                  <a href="#" panel-name="reporter-Banking_Application_Tests" class="navigator-link ">
                    <span>Reporter output</span>
                  </a> <!-- navigator-link  -->
                </li>
                <li>
                  <a href="#" panel-name="ignored-methods-Banking_Application_Tests" class="navigator-link ">
                    <span>Ignored methods</span>
                  </a> <!-- navigator-link  -->
                </li>
                <li>
                  <a href="#" panel-name="chronological-Banking_Application_Tests" class="navigator-link ">
                    <span>Chronological view</span>
                  </a> <!-- navigator-link  -->
                </li>
              </ul>
            </div> <!-- suite-section-content -->
            <div class="result-section">
              <div class="suite-section-title">
                <span>Results</span>
              </div> <!-- suite-section-title -->
              <div class="suite-section-content">
                <ul>
                  <li>
                    <span class="method-stats">30 methods, 13 failed,   17 passed</span>
                  </li>
                  <li>
                    <span class="method-list-title failed">Failed methods</span>
                    <span class="show-or-hide-methods failed">
                      <a href="#" panel-name="suite-Banking_Application_Tests" class="hide-methods failed suite-Banking_Application_Tests"> (hide)</a> <!-- hide-methods failed suite-Banking_Application_Tests -->
                      <a href="#" panel-name="suite-Banking_Application_Tests" class="show-methods failed suite-Banking_Application_Tests"> (show)</a> <!-- show-methods failed suite-Banking_Application_Tests -->
                    </span>
                    <div class="method-list-content failed suite-Banking_Application_Tests">
                      <span>
                        <img src="failed.png" width="3%"/>
                        <a href="#" panel-name="suite-Banking_Application_Tests" title="com.sonata.CustomerLogin.TestDriver" class="method navigator-link" hash-for-method="deposit(100000000000000000000000000, 4, 0, invalid amount)">deposit(100000000000000000000000000, 4, 0, invalid amount)</a> <!-- method navigator-link -->
                      </span>
                      <br/>
                      <span>
                        <img src="failed.png" width="3%"/>
                        <a href="#" panel-name="suite-Banking_Application_Tests" title="com.sonata.BankManagerLogin.TestDriver" class="method navigator-link" hash-for-method="managerAddCustomer(Kavishnavi, K, 9999999)">managerAddCustomer(Kavishnavi, K, 9999999)</a> <!-- method navigator-link -->
                      </span>
                      <br/>
                      <span>
                        <img src="failed.png" width="3%"/>
                        <a href="#" panel-name="suite-Banking_Application_Tests" title="com.sonata.BankManagerLogin.TestDriver" class="method navigator-link" hash-for-method="managerAddCustomer(James, J, -67)">managerAddCustomer(James, J, -67)</a> <!-- method navigator-link -->
                      </span>
                      <br/>
                      <span>
                        <img src="failed.png" width="3%"/>
                        <a href="#" panel-name="suite-Banking_Application_Tests" title="com.sonata.BankManagerLogin.TestDriver" class="method navigator-link" hash-for-method="managerAddCustomer(Chandu, S, 876#$%)">managerAddCustomer(Chandu, S, 876#$%)</a> <!-- method navigator-link -->
                      </span>
                      <br/>
                      <span>
                        <img src="failed.png" width="3%"/>
                        <a href="#" panel-name="suite-Banking_Application_Tests" title="com.sonata.BankManagerLogin.TestDriver" class="method navigator-link" hash-for-method="managerAddCustomer(Arjun, Reddy, 65356)">managerAddCustomer(Arjun, Reddy, 65356)</a> <!-- method navigator-link -->
                      </span>
                      <br/>
                      <span>
                        <img src="failed.png" width="3%"/>
                        <a href="#" panel-name="suite-Banking_Application_Tests" title="com.sonata.BankManagerLogin.TestDriver" class="method navigator-link" hash-for-method="managerAddCustomer(Maran, Murugan, -9874)">managerAddCustomer(Maran, Murugan, -9874)</a> <!-- method navigator-link -->
                      </span>
                      <br/>
                      <span>
                        <img src="failed.png" width="3%"/>
                        <a href="#" panel-name="suite-Banking_Application_Tests" title="com.sonata.BankManagerLogin.TestDriver" class="method navigator-link" hash-for-method="managerAddCustomer(Maha989&amp;&amp;&amp;, Malhotra, 897484)">managerAddCustomer(Maha989&&&, Malhotra, 897484)</a> <!-- method navigator-link -->
                      </span>
                      <br/>
                      <span>
                        <img src="failed.png" width="3%"/>
                        <a href="#" panel-name="suite-Banking_Application_Tests" title="com.sonata.BankManagerLogin.TestDriver" class="method navigator-link" hash-for-method="managerAddCustomer(Shiva, KOD, 000000)">managerAddCustomer(Shiva, KOD, 000000)</a> <!-- method navigator-link -->
                      </span>
                      <br/>
                      <span>
                        <img src="failed.png" width="3%"/>
                        <a href="#" panel-name="suite-Banking_Application_Tests" title="com.sonata.BankManagerLogin.TestDriver" class="method navigator-link" hash-for-method="managerAddCustomer(Robin, Hood2222, 868933)">managerAddCustomer(Robin, Hood2222, 868933)</a> <!-- method navigator-link -->
                      </span>
                      <br/>
                      <span>
                        <img src="failed.png" width="3%"/>
                        <a href="#" panel-name="suite-Banking_Application_Tests" title="com.sonata.BankManagerLogin.TestDriver" class="method navigator-link" hash-for-method="managerOpenAccount2">managerOpenAccount2</a> <!-- method navigator-link -->
                      </span>
                      <br/>
                      <span>
                        <img src="failed.png" width="3%"/>
                        <a href="#" panel-name="suite-Banking_Application_Tests" title="com.sonata.CustomerLogin.TestDriver" class="method navigator-link" hash-for-method="transaction">transaction</a> <!-- method navigator-link -->
                      </span>
                      <br/>
                      <span>
                        <img src="failed.png" width="3%"/>
                        <a href="#" panel-name="suite-Banking_Application_Tests" title="com.sonata.CustomerLogin.TestDriver" class="method navigator-link" hash-for-method="withdraw(200, 5, 1, Transaction successful)">withdraw(200, 5, 1, Transaction successful)</a> <!-- method navigator-link -->
                      </span>
                      <br/>
                      <span>
                        <img src="failed.png" width="3%"/>
                        <a href="#" panel-name="suite-Banking_Application_Tests" title="com.sonata.CustomerLogin.TestDriver" class="method navigator-link" hash-for-method="withdraw(-200, 2, 2, )">withdraw(-200, 2, 2, )</a> <!-- method navigator-link -->
                      </span>
                      <br/>
                    </div> <!-- method-list-content failed suite-Banking_Application_Tests -->
                  </li>
                  <li>
                    <span class="method-list-title passed">Passed methods</span>
                    <span class="show-or-hide-methods passed">
                      <a href="#" panel-name="suite-Banking_Application_Tests" class="hide-methods passed suite-Banking_Application_Tests"> (hide)</a> <!-- hide-methods passed suite-Banking_Application_Tests -->
                      <a href="#" panel-name="suite-Banking_Application_Tests" class="show-methods passed suite-Banking_Application_Tests"> (show)</a> <!-- show-methods passed suite-Banking_Application_Tests -->
                    </span>
                    <div class="method-list-content passed suite-Banking_Application_Tests">
                      <span>
                        <img src="passed.png" width="3%"/>
                        <a href="#" panel-name="suite-Banking_Application_Tests" title="com.sonata.BankManagerLogin.TestDriver" class="method navigator-link" hash-for-method="deleteCustomer">deleteCustomer</a> <!-- method navigator-link -->
                      </span>
                      <br/>
                      <span>
                        <img src="passed.png" width="3%"/>
                        <a href="#" panel-name="suite-Banking_Application_Tests" title="com.sonata.CustomerLogin.TestDriver" class="method navigator-link" hash-for-method="deposit(200, 5, 1, deposit successful)">deposit(200, 5, 1, deposit successful)</a> <!-- method navigator-link -->
                      </span>
                      <br/>
                      <span>
                        <img src="passed.png" width="3%"/>
                        <a href="#" panel-name="suite-Banking_Application_Tests" title="com.sonata.CustomerLogin.TestDriver" class="method navigator-link" hash-for-method="deposit(200, 5, 1, deposit successful)">deposit(200, 5, 1, deposit successful)</a> <!-- method navigator-link -->
                      </span>
                      <br/>
                      <span>
                        <img src="passed.png" width="3%"/>
                        <a href="#" panel-name="suite-Banking_Application_Tests" title="com.sonata.CustomerLogin.TestDriver" class="method navigator-link" hash-for-method="deposit(-100, 2, 1, )">deposit(-100, 2, 1, )</a> <!-- method navigator-link -->
                      </span>
                      <br/>
                      <span>
                        <img src="passed.png" width="3%"/>
                        <a href="#" panel-name="suite-Banking_Application_Tests" title="com.sonata.BankManagerLogin.TestDriver" class="method navigator-link" hash-for-method="managerAddCustomer(Sarah, K, )">managerAddCustomer(Sarah, K, )</a> <!-- method navigator-link -->
                      </span>
                      <br/>
                      <span>
                        <img src="passed.png" width="3%"/>
                        <a href="#" panel-name="suite-Banking_Application_Tests" title="com.sonata.BankManagerLogin.TestDriver" class="method navigator-link" hash-for-method="managerAddCustomer(Anish, Grey, 869042)">managerAddCustomer(Anish, Grey, 869042)</a> <!-- method navigator-link -->
                      </span>
                      <br/>
                      <span>
                        <img src="passed.png" width="3%"/>
                        <a href="#" panel-name="suite-Banking_Application_Tests" title="com.sonata.BankManagerLogin.TestDriver" class="method navigator-link" hash-for-method="managerAddCustomer(Praveen, Kumar, 786456)">managerAddCustomer(Praveen, Kumar, 786456)</a> <!-- method navigator-link -->
                      </span>
                      <br/>
                      <span>
                        <img src="passed.png" width="3%"/>
                        <a href="#" panel-name="suite-Banking_Application_Tests" title="com.sonata.BankManagerLogin.TestDriver" class="method navigator-link" hash-for-method="managerAddCustomer(, Manoj, 459876)">managerAddCustomer(, Manoj, 459876)</a> <!-- method navigator-link -->
                      </span>
                      <br/>
                      <span>
                        <img src="passed.png" width="3%"/>
                        <a href="#" panel-name="suite-Banking_Application_Tests" title="com.sonata.BankManagerLogin.TestDriver" class="method navigator-link" hash-for-method="managerAddCustomer(Tessa, , 980760)">managerAddCustomer(Tessa, , 980760)</a> <!-- method navigator-link -->
                      </span>
                      <br/>
                      <span>
                        <img src="passed.png" width="3%"/>
                        <a href="#" panel-name="suite-Banking_Application_Tests" title="com.sonata.BankManagerLogin.TestDriver" class="method navigator-link" hash-for-method="managerAddCustomer(ELsa, , 678123)">managerAddCustomer(ELsa, , 678123)</a> <!-- method navigator-link -->
                      </span>
                      <br/>
                      <span>
                        <img src="passed.png" width="3%"/>
                        <a href="#" panel-name="suite-Banking_Application_Tests" title="com.sonata.BankManagerLogin.TestDriver" class="method navigator-link" hash-for-method="managerOpenAccount1(1, 2, account created successfully with account number :, null)">managerOpenAccount1(1, 2, account created successfully with account number :, null)</a> <!-- method navigator-link -->
                      </span>
                      <br/>
                      <span>
                        <img src="passed.png" width="3%"/>
                        <a href="#" panel-name="suite-Banking_Application_Tests" title="com.sonata.BankManagerLogin.TestDriver" class="method navigator-link" hash-for-method="managerOpenAccount1(0, , please enter input, null)">managerOpenAccount1(0, , please enter input, null)</a> <!-- method navigator-link -->
                      </span>
                      <br/>
                      <span>
                        <img src="passed.png" width="3%"/>
                        <a href="#" panel-name="suite-Banking_Application_Tests" title="com.sonata.BankManagerLogin.TestDriver" class="method navigator-link" hash-for-method="managerOpenAccount1(, , please enter input, null)">managerOpenAccount1(, , please enter input, null)</a> <!-- method navigator-link -->
                      </span>
                      <br/>
                      <span>
                        <img src="passed.png" width="3%"/>
                        <a href="#" panel-name="suite-Banking_Application_Tests" title="com.sonata.BankManagerLogin.TestDriver" class="method navigator-link" hash-for-method="search(Midhun, First Name)">search(Midhun, First Name)</a> <!-- method navigator-link -->
                      </span>
                      <br/>
                      <span>
                        <img src="passed.png" width="3%"/>
                        <a href="#" panel-name="suite-Banking_Application_Tests" title="com.sonata.BankManagerLogin.TestDriver" class="method navigator-link" hash-for-method="search(Harry, First Name)">search(Harry, First Name)</a> <!-- method navigator-link -->
                      </span>
                      <br/>
                      <span>
                        <img src="passed.png" width="3%"/>
                        <a href="#" panel-name="suite-Banking_Application_Tests" title="com.sonata.BankManagerLogin.TestDriver" class="method navigator-link" hash-for-method="search(Granger, Last Name)">search(Granger, Last Name)</a> <!-- method navigator-link -->
                      </span>
                      <br/>
                      <span>
                        <img src="passed.png" width="3%"/>
                        <a href="#" panel-name="suite-Banking_Application_Tests" title="com.sonata.BankManagerLogin.TestDriver" class="method navigator-link" hash-for-method="search(E89898, Pincode)">search(E89898, Pincode)</a> <!-- method navigator-link -->
                      </span>
                      <br/>
                    </div> <!-- method-list-content passed suite-Banking_Application_Tests -->
                  </li>
                </ul>
              </div> <!-- suite-section-content -->
            </div> <!-- result-section -->
          </div> <!-- navigator-suite-content -->
        </div> <!-- rounded-window -->
      </div> <!-- suite -->
    </div> <!-- navigator-root -->
    <div class="wrapper">
      <div class="main-panel-root">
        <div panel-name="suite-Banking_Application_Tests" class="panel Banking_Application_Tests">
          <div class="suite-Banking_Application_Tests-class-failed">
            <div class="main-panel-header rounded-window-top">
              <img src="failed.png"/>
              <span class="class-name">com.sonata.CustomerLogin.TestDriver</span>
            </div> <!-- main-panel-header rounded-window-top -->
            <div class="main-panel-content rounded-window-bottom">
              <div class="method">
                <div class="method-content">
                  <a name="deposit(100000000000000000000000000, 4, 0, invalid amount)">
                  </a> <!-- deposit(100000000000000000000000000, 4, 0, invalid amount) -->
                  <span class="method-name">deposit</span>
                  <span class="parameters">(100000000000000000000000000,4,0,invalid amount)</span>
                  <div class="stack-trace">java.lang.AssertionError: expected [invalid amount] but found [deposit successful]
	at com.sonata.CustomerLogin.Deposit.depositTesting1(Deposit.java:71)
	at com.sonata.CustomerLogin.TestDriver.deposit(TestDriver.java:53)
	at java.base/java.util.ArrayList.forEach(ArrayList.java:1511)
... Removed 33 stack frames
</div> <!-- stack-trace -->
                </div> <!-- method-content -->
              </div> <!-- method -->
              <div class="method">
                <div class="method-content">
                  <a name="transaction">
                  </a> <!-- transaction -->
                  <span class="method-name">transaction</span>
                  <div class="stack-trace">java.lang.AssertionError: expected [0] but found [5000]
	at com.sonata.CustomerLogin.Transaction.transactionTesting(Transaction.java:86)
	at com.sonata.CustomerLogin.TestDriver.transaction(TestDriver.java:67)
	at java.base/java.util.ArrayList.forEach(ArrayList.java:1511)
... Removed 33 stack frames
</div> <!-- stack-trace -->
                </div> <!-- method-content -->
              </div> <!-- method -->
              <div class="method">
                <div class="method-content">
                  <a name="withdraw(200, 5, 1, Transaction successful)">
                  </a> <!-- withdraw(200, 5, 1, Transaction successful) -->
                  <span class="method-name">withdraw</span>
                  <span class="parameters">(200,5,1,Transaction successful)</span>
                  <div class="stack-trace">java.lang.AssertionError: expected [Transaction successful] but found [transaction successful]
	at com.sonata.CustomerLogin.Withdraw.withdrawTesting1(Withdraw.java:83)
	at com.sonata.CustomerLogin.TestDriver.withdraw(TestDriver.java:60)
	at java.base/java.util.ArrayList.forEach(ArrayList.java:1511)
... Removed 33 stack frames
</div> <!-- stack-trace -->
                </div> <!-- method-content -->
              </div> <!-- method -->
              <div class="method">
                <div class="method-content">
                  <a name="withdraw(-200, 2, 2, )">
                  </a> <!-- withdraw(-200, 2, 2, ) -->
                  <span class="method-name">withdraw</span>
                  <span class="parameters">(-200,2,2,)</span>
                  <div class="stack-trace">java.lang.AssertionError: expected [true] but found [false]
	at com.sonata.CustomerLogin.Withdraw.withdrawTesting1(Withdraw.java:76)
	at com.sonata.CustomerLogin.TestDriver.withdraw(TestDriver.java:60)
	at java.base/java.util.ArrayList.forEach(ArrayList.java:1511)
... Removed 31 stack frames
</div> <!-- stack-trace -->
                </div> <!-- method-content -->
              </div> <!-- method -->
            </div> <!-- main-panel-content rounded-window-bottom -->
          </div> <!-- suite-Banking_Application_Tests-class-failed -->
          <div class="suite-Banking_Application_Tests-class-failed">
            <div class="main-panel-header rounded-window-top">
              <img src="failed.png"/>
              <span class="class-name">com.sonata.BankManagerLogin.TestDriver</span>
            </div> <!-- main-panel-header rounded-window-top -->
            <div class="main-panel-content rounded-window-bottom">
              <div class="method">
                <div class="method-content">
                  <a name="managerAddCustomer(Kavishnavi, K, 9999999)">
                  </a> <!-- managerAddCustomer(Kavishnavi, K, 9999999) -->
                  <span class="method-name">managerAddCustomer</span>
                  <span class="parameters">(Kavishnavi,K,9999999)</span>
                  <div class="stack-trace">org.openqa.selenium.UnhandledAlertException: unexpected alert open: {Alert text : Customer added successfully with customer id :11}
  (Session info: chrome=126.0.6478.127): Customer added successfully with customer id :11
Build info: version: &apos;4.21.0&apos;, revision: &apos;79ed462ef4&apos;
System info: os.name: &apos;Windows 11&apos;, os.arch: &apos;amd64&apos;, os.version: &apos;10.0&apos;, java.version: &apos;17.0.9&apos;
Driver info: org.openqa.selenium.chrome.ChromeDriver
Command: [9cf48c175402d194d3fa6532273a3bf7, findElement {using=xpath, value=/html/body/div/div/div[1]/button[1]}]
Capabilities {acceptInsecureCerts: false, browserName: chrome, browserVersion: 126.0.6478.127, chrome: {chromedriverVersion: 125.0.6422.141 (4b1e8393712..., userDataDir: C:\Users\MIDHUN~1.M\AppData...}, fedcm:accounts: true, goog:chromeOptions: {debuggerAddress: localhost:49724}, networkConnectionEnabled: false, pageLoadStrategy: normal, platformName: windows, proxy: Proxy(), se:cdp: ws://localhost:49724/devtoo..., se:cdpVersion: 126.0.6478.127, setWindowRect: true, strictFileInteractability: false, timeouts: {implicit: 0, pageLoad: 300000, script: 30000}, unhandledPromptBehavior: dismiss and notify, webauthn:extension:credBlob: true, webauthn:extension:largeBlob: true, webauthn:extension:minPinLength: true, webauthn:extension:prf: true, webauthn:virtualAuthenticators: true}
Session ID: 9cf48c175402d194d3fa6532273a3bf7
	at org.openqa.selenium.remote.codec.w3c.W3CHttpResponseCodec.decode(W3CHttpResponseCodec.java:136)
	at org.openqa.selenium.remote.codec.w3c.W3CHttpResponseCodec.decode(W3CHttpResponseCodec.java:50)
	at org.openqa.selenium.remote.HttpCommandExecutor.execute(HttpCommandExecutor.java:190)
	at org.openqa.selenium.remote.service.DriverCommandExecutor.invokeExecute(DriverCommandExecutor.java:216)
	at org.openqa.selenium.remote.service.DriverCommandExecutor.execute(DriverCommandExecutor.java:174)
	at org.openqa.selenium.remote.RemoteWebDriver.execute(RemoteWebDriver.java:518)
	at org.openqa.selenium.remote.ElementLocation$ElementFinder$2.findElement(ElementLocation.java:165)
	at org.openqa.selenium.remote.ElementLocation.findElement(ElementLocation.java:59)
	at org.openqa.selenium.remote.RemoteWebDriver.findElement(RemoteWebDriver.java:355)
	at org.openqa.selenium.remote.RemoteWebDriver.findElement(RemoteWebDriver.java:349)
	at com.sonata.BankManagerLogin.ManagerLogin.home(ManagerLogin.java:60)
	at com.sonata.BankManagerLogin.ManagerLogin.addCustomerTest(ManagerLogin.java:104)
	at com.sonata.BankManagerLogin.TestDriver.managerAddCustomer(TestDriver.java:54)
	at java.base/java.util.ArrayList.forEach(ArrayList.java:1511)
... Removed 27 stack frames
</div> <!-- stack-trace -->
                </div> <!-- method-content -->
              </div> <!-- method -->
              <div class="method">
                <div class="method-content">
                  <a name="managerAddCustomer(James, J, -67)">
                  </a> <!-- managerAddCustomer(James, J, -67) -->
                  <span class="method-name">managerAddCustomer</span>
                  <span class="parameters">(James,J,-67)</span>
                  <div class="stack-trace">org.openqa.selenium.UnhandledAlertException: unexpected alert open: {Alert text : Customer added successfully with customer id :10}
  (Session info: chrome=126.0.6478.127): Customer added successfully with customer id :10
Build info: version: &apos;4.21.0&apos;, revision: &apos;79ed462ef4&apos;
System info: os.name: &apos;Windows 11&apos;, os.arch: &apos;amd64&apos;, os.version: &apos;10.0&apos;, java.version: &apos;17.0.9&apos;
Driver info: org.openqa.selenium.chrome.ChromeDriver
Command: [9cf48c175402d194d3fa6532273a3bf7, findElement {using=xpath, value=/html/body/div/div/div[1]/button[1]}]
Capabilities {acceptInsecureCerts: false, browserName: chrome, browserVersion: 126.0.6478.127, chrome: {chromedriverVersion: 125.0.6422.141 (4b1e8393712..., userDataDir: C:\Users\MIDHUN~1.M\AppData...}, fedcm:accounts: true, goog:chromeOptions: {debuggerAddress: localhost:49724}, networkConnectionEnabled: false, pageLoadStrategy: normal, platformName: windows, proxy: Proxy(), se:cdp: ws://localhost:49724/devtoo..., se:cdpVersion: 126.0.6478.127, setWindowRect: true, strictFileInteractability: false, timeouts: {implicit: 0, pageLoad: 300000, script: 30000}, unhandledPromptBehavior: dismiss and notify, webauthn:extension:credBlob: true, webauthn:extension:largeBlob: true, webauthn:extension:minPinLength: true, webauthn:extension:prf: true, webauthn:virtualAuthenticators: true}
Session ID: 9cf48c175402d194d3fa6532273a3bf7
	at org.openqa.selenium.remote.codec.w3c.W3CHttpResponseCodec.decode(W3CHttpResponseCodec.java:136)
	at org.openqa.selenium.remote.codec.w3c.W3CHttpResponseCodec.decode(W3CHttpResponseCodec.java:50)
	at org.openqa.selenium.remote.HttpCommandExecutor.execute(HttpCommandExecutor.java:190)
	at org.openqa.selenium.remote.service.DriverCommandExecutor.invokeExecute(DriverCommandExecutor.java:216)
	at org.openqa.selenium.remote.service.DriverCommandExecutor.execute(DriverCommandExecutor.java:174)
	at org.openqa.selenium.remote.RemoteWebDriver.execute(RemoteWebDriver.java:518)
	at org.openqa.selenium.remote.ElementLocation$ElementFinder$2.findElement(ElementLocation.java:165)
	at org.openqa.selenium.remote.ElementLocation.findElement(ElementLocation.java:59)
	at org.openqa.selenium.remote.RemoteWebDriver.findElement(RemoteWebDriver.java:355)
	at org.openqa.selenium.remote.RemoteWebDriver.findElement(RemoteWebDriver.java:349)
	at com.sonata.BankManagerLogin.ManagerLogin.home(ManagerLogin.java:60)
	at com.sonata.BankManagerLogin.ManagerLogin.addCustomerTest(ManagerLogin.java:104)
	at com.sonata.BankManagerLogin.TestDriver.managerAddCustomer(TestDriver.java:54)
	at java.base/java.util.ArrayList.forEach(ArrayList.java:1511)
... Removed 27 stack frames
</div> <!-- stack-trace -->
                </div> <!-- method-content -->
              </div> <!-- method -->
              <div class="method">
                <div class="method-content">
                  <a name="managerAddCustomer(Chandu, S, 876#$%)">
                  </a> <!-- managerAddCustomer(Chandu, S, 876#$%) -->
                  <span class="method-name">managerAddCustomer</span>
                  <span class="parameters">(Chandu,S,876#$%)</span>
                  <div class="stack-trace">org.openqa.selenium.UnhandledAlertException: unexpected alert open: {Alert text : Customer added successfully with customer id :15}
  (Session info: chrome=126.0.6478.127): Customer added successfully with customer id :15
Build info: version: &apos;4.21.0&apos;, revision: &apos;79ed462ef4&apos;
System info: os.name: &apos;Windows 11&apos;, os.arch: &apos;amd64&apos;, os.version: &apos;10.0&apos;, java.version: &apos;17.0.9&apos;
Driver info: org.openqa.selenium.chrome.ChromeDriver
Command: [9cf48c175402d194d3fa6532273a3bf7, findElement {using=xpath, value=/html/body/div/div/div[1]/button[1]}]
Capabilities {acceptInsecureCerts: false, browserName: chrome, browserVersion: 126.0.6478.127, chrome: {chromedriverVersion: 125.0.6422.141 (4b1e8393712..., userDataDir: C:\Users\MIDHUN~1.M\AppData...}, fedcm:accounts: true, goog:chromeOptions: {debuggerAddress: localhost:49724}, networkConnectionEnabled: false, pageLoadStrategy: normal, platformName: windows, proxy: Proxy(), se:cdp: ws://localhost:49724/devtoo..., se:cdpVersion: 126.0.6478.127, setWindowRect: true, strictFileInteractability: false, timeouts: {implicit: 0, pageLoad: 300000, script: 30000}, unhandledPromptBehavior: dismiss and notify, webauthn:extension:credBlob: true, webauthn:extension:largeBlob: true, webauthn:extension:minPinLength: true, webauthn:extension:prf: true, webauthn:virtualAuthenticators: true}
Session ID: 9cf48c175402d194d3fa6532273a3bf7
	at org.openqa.selenium.remote.codec.w3c.W3CHttpResponseCodec.decode(W3CHttpResponseCodec.java:136)
	at org.openqa.selenium.remote.codec.w3c.W3CHttpResponseCodec.decode(W3CHttpResponseCodec.java:50)
	at org.openqa.selenium.remote.HttpCommandExecutor.execute(HttpCommandExecutor.java:190)
	at org.openqa.selenium.remote.service.DriverCommandExecutor.invokeExecute(DriverCommandExecutor.java:216)
	at org.openqa.selenium.remote.service.DriverCommandExecutor.execute(DriverCommandExecutor.java:174)
	at org.openqa.selenium.remote.RemoteWebDriver.execute(RemoteWebDriver.java:518)
	at org.openqa.selenium.remote.ElementLocation$ElementFinder$2.findElement(ElementLocation.java:165)
	at org.openqa.selenium.remote.ElementLocation.findElement(ElementLocation.java:59)
	at org.openqa.selenium.remote.RemoteWebDriver.findElement(RemoteWebDriver.java:355)
	at org.openqa.selenium.remote.RemoteWebDriver.findElement(RemoteWebDriver.java:349)
	at com.sonata.BankManagerLogin.ManagerLogin.home(ManagerLogin.java:60)
	at com.sonata.BankManagerLogin.ManagerLogin.addCustomerTest(ManagerLogin.java:104)
	at com.sonata.BankManagerLogin.TestDriver.managerAddCustomer(TestDriver.java:54)
	at java.base/java.util.ArrayList.forEach(ArrayList.java:1511)
... Removed 27 stack frames
</div> <!-- stack-trace -->
                </div> <!-- method-content -->
              </div> <!-- method -->
              <div class="method">
                <div class="method-content">
                  <a name="managerAddCustomer(Arjun, Reddy, 65356)">
                  </a> <!-- managerAddCustomer(Arjun, Reddy, 65356) -->
                  <span class="method-name">managerAddCustomer</span>
                  <span class="parameters">(Arjun,Reddy,65356)</span>
                  <div class="stack-trace">org.openqa.selenium.UnhandledAlertException: unexpected alert open: {Alert text : Customer added successfully with customer id :13}
  (Session info: chrome=126.0.6478.127): Customer added successfully with customer id :13
Build info: version: &apos;4.21.0&apos;, revision: &apos;79ed462ef4&apos;
System info: os.name: &apos;Windows 11&apos;, os.arch: &apos;amd64&apos;, os.version: &apos;10.0&apos;, java.version: &apos;17.0.9&apos;
Driver info: org.openqa.selenium.chrome.ChromeDriver
Command: [9cf48c175402d194d3fa6532273a3bf7, findElement {using=xpath, value=/html/body/div/div/div[1]/button[1]}]
Capabilities {acceptInsecureCerts: false, browserName: chrome, browserVersion: 126.0.6478.127, chrome: {chromedriverVersion: 125.0.6422.141 (4b1e8393712..., userDataDir: C:\Users\MIDHUN~1.M\AppData...}, fedcm:accounts: true, goog:chromeOptions: {debuggerAddress: localhost:49724}, networkConnectionEnabled: false, pageLoadStrategy: normal, platformName: windows, proxy: Proxy(), se:cdp: ws://localhost:49724/devtoo..., se:cdpVersion: 126.0.6478.127, setWindowRect: true, strictFileInteractability: false, timeouts: {implicit: 0, pageLoad: 300000, script: 30000}, unhandledPromptBehavior: dismiss and notify, webauthn:extension:credBlob: true, webauthn:extension:largeBlob: true, webauthn:extension:minPinLength: true, webauthn:extension:prf: true, webauthn:virtualAuthenticators: true}
Session ID: 9cf48c175402d194d3fa6532273a3bf7
	at org.openqa.selenium.remote.codec.w3c.W3CHttpResponseCodec.decode(W3CHttpResponseCodec.java:136)
	at org.openqa.selenium.remote.codec.w3c.W3CHttpResponseCodec.decode(W3CHttpResponseCodec.java:50)
	at org.openqa.selenium.remote.HttpCommandExecutor.execute(HttpCommandExecutor.java:190)
	at org.openqa.selenium.remote.service.DriverCommandExecutor.invokeExecute(DriverCommandExecutor.java:216)
	at org.openqa.selenium.remote.service.DriverCommandExecutor.execute(DriverCommandExecutor.java:174)
	at org.openqa.selenium.remote.RemoteWebDriver.execute(RemoteWebDriver.java:518)
	at org.openqa.selenium.remote.ElementLocation$ElementFinder$2.findElement(ElementLocation.java:165)
	at org.openqa.selenium.remote.ElementLocation.findElement(ElementLocation.java:59)
	at org.openqa.selenium.remote.RemoteWebDriver.findElement(RemoteWebDriver.java:355)
	at org.openqa.selenium.remote.RemoteWebDriver.findElement(RemoteWebDriver.java:349)
	at com.sonata.BankManagerLogin.ManagerLogin.home(ManagerLogin.java:60)
	at com.sonata.BankManagerLogin.ManagerLogin.addCustomerTest(ManagerLogin.java:104)
	at com.sonata.BankManagerLogin.TestDriver.managerAddCustomer(TestDriver.java:54)
	at java.base/java.util.ArrayList.forEach(ArrayList.java:1511)
... Removed 27 stack frames
</div> <!-- stack-trace -->
                </div> <!-- method-content -->
              </div> <!-- method -->
              <div class="method">
                <div class="method-content">
                  <a name="managerAddCustomer(Maran, Murugan, -9874)">
                  </a> <!-- managerAddCustomer(Maran, Murugan, -9874) -->
                  <span class="method-name">managerAddCustomer</span>
                  <span class="parameters">(Maran,Murugan,-9874)</span>
                  <div class="stack-trace">org.openqa.selenium.UnhandledAlertException: unexpected alert open: {Alert text : Customer added successfully with customer id :12}
  (Session info: chrome=126.0.6478.127): Customer added successfully with customer id :12
Build info: version: &apos;4.21.0&apos;, revision: &apos;79ed462ef4&apos;
System info: os.name: &apos;Windows 11&apos;, os.arch: &apos;amd64&apos;, os.version: &apos;10.0&apos;, java.version: &apos;17.0.9&apos;
Driver info: org.openqa.selenium.chrome.ChromeDriver
Command: [9cf48c175402d194d3fa6532273a3bf7, findElement {using=xpath, value=/html/body/div/div/div[1]/button[1]}]
Capabilities {acceptInsecureCerts: false, browserName: chrome, browserVersion: 126.0.6478.127, chrome: {chromedriverVersion: 125.0.6422.141 (4b1e8393712..., userDataDir: C:\Users\MIDHUN~1.M\AppData...}, fedcm:accounts: true, goog:chromeOptions: {debuggerAddress: localhost:49724}, networkConnectionEnabled: false, pageLoadStrategy: normal, platformName: windows, proxy: Proxy(), se:cdp: ws://localhost:49724/devtoo..., se:cdpVersion: 126.0.6478.127, setWindowRect: true, strictFileInteractability: false, timeouts: {implicit: 0, pageLoad: 300000, script: 30000}, unhandledPromptBehavior: dismiss and notify, webauthn:extension:credBlob: true, webauthn:extension:largeBlob: true, webauthn:extension:minPinLength: true, webauthn:extension:prf: true, webauthn:virtualAuthenticators: true}
Session ID: 9cf48c175402d194d3fa6532273a3bf7
	at org.openqa.selenium.remote.codec.w3c.W3CHttpResponseCodec.decode(W3CHttpResponseCodec.java:136)
	at org.openqa.selenium.remote.codec.w3c.W3CHttpResponseCodec.decode(W3CHttpResponseCodec.java:50)
	at org.openqa.selenium.remote.HttpCommandExecutor.execute(HttpCommandExecutor.java:190)
	at org.openqa.selenium.remote.service.DriverCommandExecutor.invokeExecute(DriverCommandExecutor.java:216)
	at org.openqa.selenium.remote.service.DriverCommandExecutor.execute(DriverCommandExecutor.java:174)
	at org.openqa.selenium.remote.RemoteWebDriver.execute(RemoteWebDriver.java:518)
	at org.openqa.selenium.remote.ElementLocation$ElementFinder$2.findElement(ElementLocation.java:165)
	at org.openqa.selenium.remote.ElementLocation.findElement(ElementLocation.java:59)
	at org.openqa.selenium.remote.RemoteWebDriver.findElement(RemoteWebDriver.java:355)
	at org.openqa.selenium.remote.RemoteWebDriver.findElement(RemoteWebDriver.java:349)
	at com.sonata.BankManagerLogin.ManagerLogin.home(ManagerLogin.java:60)
	at com.sonata.BankManagerLogin.ManagerLogin.addCustomerTest(ManagerLogin.java:104)
	at com.sonata.BankManagerLogin.TestDriver.managerAddCustomer(TestDriver.java:54)
	at java.base/java.util.ArrayList.forEach(ArrayList.java:1511)
... Removed 27 stack frames
</div> <!-- stack-trace -->
                </div> <!-- method-content -->
              </div> <!-- method -->
              <div class="method">
                <div class="method-content">
                  <a name="managerAddCustomer(Maha989&amp;&amp;&amp;, Malhotra, 897484)">
                  </a> <!-- managerAddCustomer(Maha989&&&, Malhotra, 897484) -->
                  <span class="method-name">managerAddCustomer</span>
                  <span class="parameters">(Maha989&&&,Malhotra,897484)</span>
                  <div class="stack-trace">org.openqa.selenium.UnhandledAlertException: unexpected alert open: {Alert text : Customer added successfully with customer id :6}
  (Session info: chrome=126.0.6478.127): Customer added successfully with customer id :6
Build info: version: &apos;4.21.0&apos;, revision: &apos;79ed462ef4&apos;
System info: os.name: &apos;Windows 11&apos;, os.arch: &apos;amd64&apos;, os.version: &apos;10.0&apos;, java.version: &apos;17.0.9&apos;
Driver info: org.openqa.selenium.chrome.ChromeDriver
Command: [9cf48c175402d194d3fa6532273a3bf7, findElement {using=xpath, value=/html/body/div/div/div[1]/button[1]}]
Capabilities {acceptInsecureCerts: false, browserName: chrome, browserVersion: 126.0.6478.127, chrome: {chromedriverVersion: 125.0.6422.141 (4b1e8393712..., userDataDir: C:\Users\MIDHUN~1.M\AppData...}, fedcm:accounts: true, goog:chromeOptions: {debuggerAddress: localhost:49724}, networkConnectionEnabled: false, pageLoadStrategy: normal, platformName: windows, proxy: Proxy(), se:cdp: ws://localhost:49724/devtoo..., se:cdpVersion: 126.0.6478.127, setWindowRect: true, strictFileInteractability: false, timeouts: {implicit: 0, pageLoad: 300000, script: 30000}, unhandledPromptBehavior: dismiss and notify, webauthn:extension:credBlob: true, webauthn:extension:largeBlob: true, webauthn:extension:minPinLength: true, webauthn:extension:prf: true, webauthn:virtualAuthenticators: true}
Session ID: 9cf48c175402d194d3fa6532273a3bf7
	at org.openqa.selenium.remote.codec.w3c.W3CHttpResponseCodec.decode(W3CHttpResponseCodec.java:136)
	at org.openqa.selenium.remote.codec.w3c.W3CHttpResponseCodec.decode(W3CHttpResponseCodec.java:50)
	at org.openqa.selenium.remote.HttpCommandExecutor.execute(HttpCommandExecutor.java:190)
	at org.openqa.selenium.remote.service.DriverCommandExecutor.invokeExecute(DriverCommandExecutor.java:216)
	at org.openqa.selenium.remote.service.DriverCommandExecutor.execute(DriverCommandExecutor.java:174)
	at org.openqa.selenium.remote.RemoteWebDriver.execute(RemoteWebDriver.java:518)
	at org.openqa.selenium.remote.ElementLocation$ElementFinder$2.findElement(ElementLocation.java:165)
	at org.openqa.selenium.remote.ElementLocation.findElement(ElementLocation.java:59)
	at org.openqa.selenium.remote.RemoteWebDriver.findElement(RemoteWebDriver.java:355)
	at org.openqa.selenium.remote.RemoteWebDriver.findElement(RemoteWebDriver.java:349)
	at com.sonata.BankManagerLogin.ManagerLogin.home(ManagerLogin.java:60)
	at com.sonata.BankManagerLogin.ManagerLogin.addCustomerTest(ManagerLogin.java:104)
	at com.sonata.BankManagerLogin.TestDriver.managerAddCustomer(TestDriver.java:54)
	at java.base/java.util.ArrayList.forEach(ArrayList.java:1511)
... Removed 27 stack frames
</div> <!-- stack-trace -->
                </div> <!-- method-content -->
              </div> <!-- method -->
              <div class="method">
                <div class="method-content">
                  <a name="managerAddCustomer(Shiva, KOD, 000000)">
                  </a> <!-- managerAddCustomer(Shiva, KOD, 000000) -->
                  <span class="method-name">managerAddCustomer</span>
                  <span class="parameters">(Shiva,KOD,000000)</span>
                  <div class="stack-trace">org.openqa.selenium.UnhandledAlertException: unexpected alert open: {Alert text : Customer added successfully with customer id :14}
  (Session info: chrome=126.0.6478.127): Customer added successfully with customer id :14
Build info: version: &apos;4.21.0&apos;, revision: &apos;79ed462ef4&apos;
System info: os.name: &apos;Windows 11&apos;, os.arch: &apos;amd64&apos;, os.version: &apos;10.0&apos;, java.version: &apos;17.0.9&apos;
Driver info: org.openqa.selenium.chrome.ChromeDriver
Command: [9cf48c175402d194d3fa6532273a3bf7, findElement {using=xpath, value=/html/body/div/div/div[1]/button[1]}]
Capabilities {acceptInsecureCerts: false, browserName: chrome, browserVersion: 126.0.6478.127, chrome: {chromedriverVersion: 125.0.6422.141 (4b1e8393712..., userDataDir: C:\Users\MIDHUN~1.M\AppData...}, fedcm:accounts: true, goog:chromeOptions: {debuggerAddress: localhost:49724}, networkConnectionEnabled: false, pageLoadStrategy: normal, platformName: windows, proxy: Proxy(), se:cdp: ws://localhost:49724/devtoo..., se:cdpVersion: 126.0.6478.127, setWindowRect: true, strictFileInteractability: false, timeouts: {implicit: 0, pageLoad: 300000, script: 30000}, unhandledPromptBehavior: dismiss and notify, webauthn:extension:credBlob: true, webauthn:extension:largeBlob: true, webauthn:extension:minPinLength: true, webauthn:extension:prf: true, webauthn:virtualAuthenticators: true}
Session ID: 9cf48c175402d194d3fa6532273a3bf7
	at org.openqa.selenium.remote.codec.w3c.W3CHttpResponseCodec.decode(W3CHttpResponseCodec.java:136)
	at org.openqa.selenium.remote.codec.w3c.W3CHttpResponseCodec.decode(W3CHttpResponseCodec.java:50)
	at org.openqa.selenium.remote.HttpCommandExecutor.execute(HttpCommandExecutor.java:190)
	at org.openqa.selenium.remote.service.DriverCommandExecutor.invokeExecute(DriverCommandExecutor.java:216)
	at org.openqa.selenium.remote.service.DriverCommandExecutor.execute(DriverCommandExecutor.java:174)
	at org.openqa.selenium.remote.RemoteWebDriver.execute(RemoteWebDriver.java:518)
	at org.openqa.selenium.remote.ElementLocation$ElementFinder$2.findElement(ElementLocation.java:165)
	at org.openqa.selenium.remote.ElementLocation.findElement(ElementLocation.java:59)
	at org.openqa.selenium.remote.RemoteWebDriver.findElement(RemoteWebDriver.java:355)
	at org.openqa.selenium.remote.RemoteWebDriver.findElement(RemoteWebDriver.java:349)
	at com.sonata.BankManagerLogin.ManagerLogin.home(ManagerLogin.java:60)
	at com.sonata.BankManagerLogin.ManagerLogin.addCustomerTest(ManagerLogin.java:104)
	at com.sonata.BankManagerLogin.TestDriver.managerAddCustomer(TestDriver.java:54)
	at java.base/java.util.ArrayList.forEach(ArrayList.java:1511)
... Removed 27 stack frames
</div> <!-- stack-trace -->
                </div> <!-- method-content -->
              </div> <!-- method -->
              <div class="method">
                <div class="method-content">
                  <a name="managerAddCustomer(Robin, Hood2222, 868933)">
                  </a> <!-- managerAddCustomer(Robin, Hood2222, 868933) -->
                  <span class="method-name">managerAddCustomer</span>
                  <span class="parameters">(Robin,Hood2222,868933)</span>
                  <div class="stack-trace">org.openqa.selenium.UnhandledAlertException: unexpected alert open: {Alert text : Customer added successfully with customer id :9}
  (Session info: chrome=126.0.6478.127): Customer added successfully with customer id :9
Build info: version: &apos;4.21.0&apos;, revision: &apos;79ed462ef4&apos;
System info: os.name: &apos;Windows 11&apos;, os.arch: &apos;amd64&apos;, os.version: &apos;10.0&apos;, java.version: &apos;17.0.9&apos;
Driver info: org.openqa.selenium.chrome.ChromeDriver
Command: [9cf48c175402d194d3fa6532273a3bf7, findElement {using=xpath, value=/html/body/div/div/div[1]/button[1]}]
Capabilities {acceptInsecureCerts: false, browserName: chrome, browserVersion: 126.0.6478.127, chrome: {chromedriverVersion: 125.0.6422.141 (4b1e8393712..., userDataDir: C:\Users\MIDHUN~1.M\AppData...}, fedcm:accounts: true, goog:chromeOptions: {debuggerAddress: localhost:49724}, networkConnectionEnabled: false, pageLoadStrategy: normal, platformName: windows, proxy: Proxy(), se:cdp: ws://localhost:49724/devtoo..., se:cdpVersion: 126.0.6478.127, setWindowRect: true, strictFileInteractability: false, timeouts: {implicit: 0, pageLoad: 300000, script: 30000}, unhandledPromptBehavior: dismiss and notify, webauthn:extension:credBlob: true, webauthn:extension:largeBlob: true, webauthn:extension:minPinLength: true, webauthn:extension:prf: true, webauthn:virtualAuthenticators: true}
Session ID: 9cf48c175402d194d3fa6532273a3bf7
	at org.openqa.selenium.remote.codec.w3c.W3CHttpResponseCodec.decode(W3CHttpResponseCodec.java:136)
	at org.openqa.selenium.remote.codec.w3c.W3CHttpResponseCodec.decode(W3CHttpResponseCodec.java:50)
	at org.openqa.selenium.remote.HttpCommandExecutor.execute(HttpCommandExecutor.java:190)
	at org.openqa.selenium.remote.service.DriverCommandExecutor.invokeExecute(DriverCommandExecutor.java:216)
	at org.openqa.selenium.remote.service.DriverCommandExecutor.execute(DriverCommandExecutor.java:174)
	at org.openqa.selenium.remote.RemoteWebDriver.execute(RemoteWebDriver.java:518)
	at org.openqa.selenium.remote.ElementLocation$ElementFinder$2.findElement(ElementLocation.java:165)
	at org.openqa.selenium.remote.ElementLocation.findElement(ElementLocation.java:59)
	at org.openqa.selenium.remote.RemoteWebDriver.findElement(RemoteWebDriver.java:355)
	at org.openqa.selenium.remote.RemoteWebDriver.findElement(RemoteWebDriver.java:349)
	at com.sonata.BankManagerLogin.ManagerLogin.home(ManagerLogin.java:60)
	at com.sonata.BankManagerLogin.ManagerLogin.addCustomerTest(ManagerLogin.java:104)
	at com.sonata.BankManagerLogin.TestDriver.managerAddCustomer(TestDriver.java:54)
	at java.base/java.util.ArrayList.forEach(ArrayList.java:1511)
... Removed 27 stack frames
</div> <!-- stack-trace -->
                </div> <!-- method-content -->
              </div> <!-- method -->
              <div class="method">
                <div class="method-content">
                  <a name="managerOpenAccount2">
                  </a> <!-- managerOpenAccount2 -->
                  <span class="method-name">managerOpenAccount2</span>
                  <div class="stack-trace">java.lang.AssertionError: expected [duplicate account in the same name] but found [account created successfully with account number :1018]
	at com.sonata.BankManagerLogin.OpenAccount.openAccountTesting2(OpenAccount.java:73)
	at com.sonata.BankManagerLogin.TestDriver.managerOpenAccount2(TestDriver.java:72)
	at java.base/java.util.ArrayList.forEach(ArrayList.java:1511)
... Removed 33 stack frames
</div> <!-- stack-trace -->
                </div> <!-- method-content -->
              </div> <!-- method -->
            </div> <!-- main-panel-content rounded-window-bottom -->
          </div> <!-- suite-Banking_Application_Tests-class-failed -->
          <div class="suite-Banking_Application_Tests-class-passed">
            <div class="main-panel-header rounded-window-top">
              <img src="passed.png"/>
              <span class="class-name">com.sonata.CustomerLogin.TestDriver</span>
            </div> <!-- main-panel-header rounded-window-top -->
            <div class="main-panel-content rounded-window-bottom">
              <div class="method">
                <div class="method-content">
                  <a name="deposit(200, 5, 1, deposit successful)">
                  </a> <!-- deposit(200, 5, 1, deposit successful) -->
                  <span class="method-name">deposit</span>
                  <span class="parameters">(200,5,1,deposit successful)</span>
                </div> <!-- method-content -->
              </div> <!-- method -->
              <div class="method">
                <div class="method-content">
                  <a name="deposit(200, 5, 1, deposit successful)">
                  </a> <!-- deposit(200, 5, 1, deposit successful) -->
                  <span class="method-name">deposit</span>
                  <span class="parameters">(200,5,1,deposit successful)</span>
                </div> <!-- method-content -->
              </div> <!-- method -->
              <div class="method">
                <div class="method-content">
                  <a name="deposit(-100, 2, 1, )">
                  </a> <!-- deposit(-100, 2, 1, ) -->
                  <span class="method-name">deposit</span>
                  <span class="parameters">(-100,2,1,)</span>
                </div> <!-- method-content -->
              </div> <!-- method -->
            </div> <!-- main-panel-content rounded-window-bottom -->
          </div> <!-- suite-Banking_Application_Tests-class-passed -->
          <div class="suite-Banking_Application_Tests-class-passed">
            <div class="main-panel-header rounded-window-top">
              <img src="passed.png"/>
              <span class="class-name">com.sonata.BankManagerLogin.TestDriver</span>
            </div> <!-- main-panel-header rounded-window-top -->
            <div class="main-panel-content rounded-window-bottom">
              <div class="method">
                <div class="method-content">
                  <a name="deleteCustomer">
                  </a> <!-- deleteCustomer -->
                  <span class="method-name">deleteCustomer</span>
                </div> <!-- method-content -->
              </div> <!-- method -->
              <div class="method">
                <div class="method-content">
                  <a name="managerAddCustomer(Sarah, K, )">
                  </a> <!-- managerAddCustomer(Sarah, K, ) -->
                  <span class="method-name">managerAddCustomer</span>
                  <span class="parameters">(Sarah,K,)</span>
                </div> <!-- method-content -->
              </div> <!-- method -->
              <div class="method">
                <div class="method-content">
                  <a name="managerAddCustomer(Anish, Grey, 869042)">
                  </a> <!-- managerAddCustomer(Anish, Grey, 869042) -->
                  <span class="method-name">managerAddCustomer</span>
                  <span class="parameters">(Anish,Grey,869042)</span>
                </div> <!-- method-content -->
              </div> <!-- method -->
              <div class="method">
                <div class="method-content">
                  <a name="managerAddCustomer(Praveen, Kumar, 786456)">
                  </a> <!-- managerAddCustomer(Praveen, Kumar, 786456) -->
                  <span class="method-name">managerAddCustomer</span>
                  <span class="parameters">(Praveen,Kumar,786456)</span>
                </div> <!-- method-content -->
              </div> <!-- method -->
              <div class="method">
                <div class="method-content">
                  <a name="managerAddCustomer(, Manoj, 459876)">
                  </a> <!-- managerAddCustomer(, Manoj, 459876) -->
                  <span class="method-name">managerAddCustomer</span>
                  <span class="parameters">(,Manoj,459876)</span>
                </div> <!-- method-content -->
              </div> <!-- method -->
              <div class="method">
                <div class="method-content">
                  <a name="managerAddCustomer(Tessa, , 980760)">
                  </a> <!-- managerAddCustomer(Tessa, , 980760) -->
                  <span class="method-name">managerAddCustomer</span>
                  <span class="parameters">(Tessa,,980760)</span>
                </div> <!-- method-content -->
              </div> <!-- method -->
              <div class="method">
                <div class="method-content">
                  <a name="managerAddCustomer(ELsa, , 678123)">
                  </a> <!-- managerAddCustomer(ELsa, , 678123) -->
                  <span class="method-name">managerAddCustomer</span>
                  <span class="parameters">(ELsa,,678123)</span>
                </div> <!-- method-content -->
              </div> <!-- method -->
              <div class="method">
                <div class="method-content">
                  <a name="managerOpenAccount1(1, 2, account created successfully with account number :, null)">
                  </a> <!-- managerOpenAccount1(1, 2, account created successfully with account number :, null) -->
                  <span class="method-name">managerOpenAccount1</span>
                  <span class="parameters">(1,2,account created successfully with account number :,null)</span>
                </div> <!-- method-content -->
              </div> <!-- method -->
              <div class="method">
                <div class="method-content">
                  <a name="managerOpenAccount1(0, , please enter input, null)">
                  </a> <!-- managerOpenAccount1(0, , please enter input, null) -->
                  <span class="method-name">managerOpenAccount1</span>
                  <span class="parameters">(0,,please enter input,null)</span>
                </div> <!-- method-content -->
              </div> <!-- method -->
              <div class="method">
                <div class="method-content">
                  <a name="managerOpenAccount1(, , please enter input, null)">
                  </a> <!-- managerOpenAccount1(, , please enter input, null) -->
                  <span class="method-name">managerOpenAccount1</span>
                  <span class="parameters">(,,please enter input,null)</span>
                </div> <!-- method-content -->
              </div> <!-- method -->
              <div class="method">
                <div class="method-content">
                  <a name="search(Midhun, First Name)">
                  </a> <!-- search(Midhun, First Name) -->
                  <span class="method-name">search</span>
                  <span class="parameters">(Midhun,First Name)</span>
                </div> <!-- method-content -->
              </div> <!-- method -->
              <div class="method">
                <div class="method-content">
                  <a name="search(Harry, First Name)">
                  </a> <!-- search(Harry, First Name) -->
                  <span class="method-name">search</span>
                  <span class="parameters">(Harry,First Name)</span>
                </div> <!-- method-content -->
              </div> <!-- method -->
              <div class="method">
                <div class="method-content">
                  <a name="search(Granger, Last Name)">
                  </a> <!-- search(Granger, Last Name) -->
                  <span class="method-name">search</span>
                  <span class="parameters">(Granger,Last Name)</span>
                </div> <!-- method-content -->
              </div> <!-- method -->
              <div class="method">
                <div class="method-content">
                  <a name="search(E89898, Pincode)">
                  </a> <!-- search(E89898, Pincode) -->
                  <span class="method-name">search</span>
                  <span class="parameters">(E89898,Pincode)</span>
                </div> <!-- method-content -->
              </div> <!-- method -->
            </div> <!-- main-panel-content rounded-window-bottom -->
          </div> <!-- suite-Banking_Application_Tests-class-passed -->
        </div> <!-- panel Banking_Application_Tests -->
        <div panel-name="test-xml-Banking_Application_Tests" class="panel">
          <div class="main-panel-header rounded-window-top">
            <span class="header-content">C:\UPDATED SELENIUM CASE STUDY\BankingApllication\TestNGTestSuite.xml</span>
          </div> <!-- main-panel-header rounded-window-top -->
          <div class="main-panel-content rounded-window-bottom">
            <pre>
&lt;?xml version=&quot;1.0&quot; encoding=&quot;UTF-8&quot;?&gt;
&lt;!DOCTYPE suite SYSTEM &quot;https://testng.org/testng-1.0.dtd&quot;&gt;
&lt;suite name=&quot;Banking Application Tests&quot;&gt;
  &lt;test thread-count=&quot;5&quot; name=&quot;BankManagerLoginTests&quot;&gt;
    &lt;classes&gt;
      &lt;class name=&quot;com.sonata.BankManagerLogin.TestDriver&quot;/&gt;
    &lt;/classes&gt;
  &lt;/test&gt; &lt;!-- BankManagerLoginTests --&gt;
  &lt;test thread-count=&quot;5&quot; name=&quot;CustomerLoginTests&quot;&gt;
    &lt;classes&gt;
      &lt;class name=&quot;com.sonata.CustomerLogin.TestDriver&quot;/&gt;
    &lt;/classes&gt;
  &lt;/test&gt; &lt;!-- CustomerLoginTests --&gt;
&lt;/suite&gt; &lt;!-- Banking Application Tests --&gt;
            </pre>
          </div> <!-- main-panel-content rounded-window-bottom -->
        </div> <!-- panel -->
        <div panel-name="testlist-Banking_Application_Tests" class="panel">
          <div class="main-panel-header rounded-window-top">
            <span class="header-content">Tests for Banking Application Tests</span>
          </div> <!-- main-panel-header rounded-window-top -->
          <div class="main-panel-content rounded-window-bottom">
            <ul>
              <li>
                <span class="test-name">BankManagerLoginTests (1 class)</span>
              </li>
              <li>
                <span class="test-name">CustomerLoginTests (1 class)</span>
              </li>
            </ul>
          </div> <!-- main-panel-content rounded-window-bottom -->
        </div> <!-- panel -->
        <div panel-name="group-Banking_Application_Tests" class="panel">
          <div class="main-panel-header rounded-window-top">
            <span class="header-content">Groups for Banking Application Tests</span>
          </div> <!-- main-panel-header rounded-window-top -->
          <div class="main-panel-content rounded-window-bottom">
            <div class="test-group">
              <span class="test-group-name">OpenAccount</span>
              <br/>
              <div class="method-in-group">
                <span class="method-in-group-name">managerOpenAccount1</span>
                <br/>
              </div> <!-- method-in-group -->
              <div class="method-in-group">
                <span class="method-in-group-name">managerOpenAccount2</span>
                <br/>
              </div> <!-- method-in-group -->
            </div> <!-- test-group -->
            <div class="test-group">
              <span class="test-group-name">deleteCustomer</span>
              <br/>
              <div class="method-in-group">
                <span class="method-in-group-name">deleteCustomer</span>
                <br/>
              </div> <!-- method-in-group -->
            </div> <!-- test-group -->
          </div> <!-- main-panel-content rounded-window-bottom -->
        </div> <!-- panel -->
        <div panel-name="times-Banking_Application_Tests" class="panel">
          <div class="main-panel-header rounded-window-top">
            <span class="header-content">Times for Banking Application Tests</span>
          </div> <!-- main-panel-header rounded-window-top -->
          <div class="main-panel-content rounded-window-bottom">
            <div class="times-div">
              <script type="text/javascript">
suiteTableInitFunctions.push('tableData_Banking_Application_Tests');
function tableData_Banking_Application_Tests() {
var data = new google.visualization.DataTable();
data.addColumn('number', 'Number');
data.addColumn('string', 'Method');
data.addColumn('string', 'Class');
data.addColumn('number', 'Time (ms)');
data.addRows(30);
data.setCell(0, 0, 0)
data.setCell(0, 1, 'deleteCustomer')
data.setCell(0, 2, 'com.sonata.BankManagerLogin.TestDriver')
data.setCell(0, 3, 8628);
data.setCell(1, 0, 1)
data.setCell(1, 1, 'search')
data.setCell(1, 2, 'com.sonata.BankManagerLogin.TestDriver')
data.setCell(1, 3, 6767);
data.setCell(2, 0, 2)
data.setCell(2, 1, 'deposit')
data.setCell(2, 2, 'com.sonata.CustomerLogin.TestDriver')
data.setCell(2, 3, 4451);
data.setCell(3, 0, 3)
data.setCell(3, 1, 'managerAddCustomer')
data.setCell(3, 2, 'com.sonata.BankManagerLogin.TestDriver')
data.setCell(3, 3, 3307);
data.setCell(4, 0, 4)
data.setCell(4, 1, 'search')
data.setCell(4, 2, 'com.sonata.BankManagerLogin.TestDriver')
data.setCell(4, 3, 2210);
data.setCell(5, 0, 5)
data.setCell(5, 1, 'search')
data.setCell(5, 2, 'com.sonata.BankManagerLogin.TestDriver')
data.setCell(5, 3, 1600);
data.setCell(6, 0, 6)
data.setCell(6, 1, 'search')
data.setCell(6, 2, 'com.sonata.BankManagerLogin.TestDriver')
data.setCell(6, 3, 1557);
data.setCell(7, 0, 7)
data.setCell(7, 1, 'managerAddCustomer')
data.setCell(7, 2, 'com.sonata.BankManagerLogin.TestDriver')
data.setCell(7, 3, 1431);
data.setCell(8, 0, 8)
data.setCell(8, 1, 'managerAddCustomer')
data.setCell(8, 2, 'com.sonata.BankManagerLogin.TestDriver')
data.setCell(8, 3, 1419);
data.setCell(9, 0, 9)
data.setCell(9, 1, 'managerAddCustomer')
data.setCell(9, 2, 'com.sonata.BankManagerLogin.TestDriver')
data.setCell(9, 3, 1386);
data.setCell(10, 0, 10)
data.setCell(10, 1, 'managerAddCustomer')
data.setCell(10, 2, 'com.sonata.BankManagerLogin.TestDriver')
data.setCell(10, 3, 1368);
data.setCell(11, 0, 11)
data.setCell(11, 1, 'managerAddCustomer')
data.setCell(11, 2, 'com.sonata.BankManagerLogin.TestDriver')
data.setCell(11, 3, 1367);
data.setCell(12, 0, 12)
data.setCell(12, 1, 'managerAddCustomer')
data.setCell(12, 2, 'com.sonata.BankManagerLogin.TestDriver')
data.setCell(12, 3, 1367);
data.setCell(13, 0, 13)
data.setCell(13, 1, 'managerAddCustomer')
data.setCell(13, 2, 'com.sonata.BankManagerLogin.TestDriver')
data.setCell(13, 3, 1350);
data.setCell(14, 0, 14)
data.setCell(14, 1, 'transaction')
data.setCell(14, 2, 'com.sonata.CustomerLogin.TestDriver')
data.setCell(14, 3, 1234);
data.setCell(15, 0, 15)
data.setCell(15, 1, 'withdraw')
data.setCell(15, 2, 'com.sonata.CustomerLogin.TestDriver')
data.setCell(15, 3, 1115);
data.setCell(16, 0, 16)
data.setCell(16, 1, 'managerOpenAccount1')
data.setCell(16, 2, 'com.sonata.BankManagerLogin.TestDriver')
data.setCell(16, 3, 798);
data.setCell(17, 0, 17)
data.setCell(17, 1, 'deposit')
data.setCell(17, 2, 'com.sonata.CustomerLogin.TestDriver')
data.setCell(17, 3, 688);
data.setCell(18, 0, 18)
data.setCell(18, 1, 'deposit')
data.setCell(18, 2, 'com.sonata.CustomerLogin.TestDriver')
data.setCell(18, 3, 669);
data.setCell(19, 0, 19)
data.setCell(19, 1, 'withdraw')
data.setCell(19, 2, 'com.sonata.CustomerLogin.TestDriver')
data.setCell(19, 3, 442);
data.setCell(20, 0, 20)
data.setCell(20, 1, 'managerOpenAccount2')
data.setCell(20, 2, 'com.sonata.BankManagerLogin.TestDriver')
data.setCell(20, 3, 437);
data.setCell(21, 0, 21)
data.setCell(21, 1, 'deposit')
data.setCell(21, 2, 'com.sonata.CustomerLogin.TestDriver')
data.setCell(21, 3, 434);
data.setCell(22, 0, 22)
data.setCell(22, 1, 'managerAddCustomer')
data.setCell(22, 2, 'com.sonata.BankManagerLogin.TestDriver')
data.setCell(22, 3, 363);
data.setCell(23, 0, 23)
data.setCell(23, 1, 'managerAddCustomer')
data.setCell(23, 2, 'com.sonata.BankManagerLogin.TestDriver')
data.setCell(23, 3, 345);
data.setCell(24, 0, 24)
data.setCell(24, 1, 'managerAddCustomer')
data.setCell(24, 2, 'com.sonata.BankManagerLogin.TestDriver')
data.setCell(24, 3, 333);
data.setCell(25, 0, 25)
data.setCell(25, 1, 'managerAddCustomer')
data.setCell(25, 2, 'com.sonata.BankManagerLogin.TestDriver')
data.setCell(25, 3, 323);
data.setCell(26, 0, 26)
data.setCell(26, 1, 'managerAddCustomer')
data.setCell(26, 2, 'com.sonata.BankManagerLogin.TestDriver')
data.setCell(26, 3, 316);
data.setCell(27, 0, 27)
data.setCell(27, 1, 'managerAddCustomer')
data.setCell(27, 2, 'com.sonata.BankManagerLogin.TestDriver')
data.setCell(27, 3, 306);
data.setCell(28, 0, 28)
data.setCell(28, 1, 'managerOpenAccount1')
data.setCell(28, 2, 'com.sonata.BankManagerLogin.TestDriver')
data.setCell(28, 3, 145);
data.setCell(29, 0, 29)
data.setCell(29, 1, 'managerOpenAccount1')
data.setCell(29, 2, 'com.sonata.BankManagerLogin.TestDriver')
data.setCell(29, 3, 134);
window.suiteTableData['Banking_Application_Tests']= { tableData: data, tableDiv: 'times-div-Banking_Application_Tests'}
return data;
}
              </script>
              <span class="suite-total-time">Total running time: 46 seconds</span>
              <div id="times-div-Banking_Application_Tests">
              </div> <!-- times-div-Banking_Application_Tests -->
            </div> <!-- times-div -->
          </div> <!-- main-panel-content rounded-window-bottom -->
        </div> <!-- panel -->
        <div panel-name="reporter-Banking_Application_Tests" class="panel">
          <div class="main-panel-header rounded-window-top">
            <span class="header-content">Reporter output for Banking Application Tests</span>
          </div> <!-- main-panel-header rounded-window-top -->
          <div class="main-panel-content rounded-window-bottom">
          </div> <!-- main-panel-content rounded-window-bottom -->
        </div> <!-- panel -->
        <div panel-name="ignored-methods-Banking_Application_Tests" class="panel">
          <div class="main-panel-header rounded-window-top">
            <span class="header-content">0 ignored methods</span>
          </div> <!-- main-panel-header rounded-window-top -->
          <div class="main-panel-content rounded-window-bottom">
          </div> <!-- main-panel-content rounded-window-bottom -->
        </div> <!-- panel -->
        <div panel-name="chronological-Banking_Application_Tests" class="panel">
          <div class="main-panel-header rounded-window-top">
            <span class="header-content">Methods in chronological order</span>
          </div> <!-- main-panel-header rounded-window-top -->
          <div class="main-panel-content rounded-window-bottom">
            <div class="chronological-class">
              <div class="chronological-class-name">com.sonata.BankManagerLogin.TestDriver</div> <!-- chronological-class-name -->
              <div class="configuration-class before">
                <span class="method-name">setUp</span>
                <span class="method-start">0 ms</span>
              </div> <!-- configuration-class before -->
              <div class="test-method">
                <img src="failed.png">
                </img>
                <span class="method-name">managerAddCustomer(Maha989&&&, Malhotra, 897484)</span>
                <span class="method-start">4469 ms</span>
              </div> <!-- test-method -->
              <div class="configuration-method after">
                <span class="method-name">takeScreenshot([TestResult name=managerAddCustomer status=FAILURE method=TestDriver.managerAddCustomer(java.lang.St...)</span>
                <span class="method-start">7783 ms</span>
              </div> <!-- configuration-method after -->
              <div class="test-method">
                <span class="method-name">managerAddCustomer(ELsa, , 678123)</span>
                <span class="method-start">7794 ms</span>
              </div> <!-- test-method -->
              <div class="configuration-method after">
                <span class="method-name">takeScreenshot([TestResult name=managerAddCustomer status=SUCCESS method=TestDriver.managerAddCustomer(java.lang.St...)</span>
                <span class="method-start">8119 ms</span>
              </div> <!-- configuration-method after -->
              <div class="test-method">
                <span class="method-name">managerAddCustomer(Anish, Grey, 869042)</span>
                <span class="method-start">8120 ms</span>
              </div> <!-- test-method -->
              <div class="configuration-method after">
                <span class="method-name">takeScreenshot([TestResult name=managerAddCustomer status=SUCCESS method=TestDriver.managerAddCustomer(java.lang.St...)</span>
                <span class="method-start">8454 ms</span>
              </div> <!-- configuration-method after -->
              <div class="test-method">
                <span class="method-name">managerAddCustomer(, Manoj, 459876)</span>
                <span class="method-start">8455 ms</span>
              </div> <!-- test-method -->
              <div class="configuration-method after">
                <span class="method-name">takeScreenshot([TestResult name=managerAddCustomer status=SUCCESS method=TestDriver.managerAddCustomer(java.lang.St...)</span>
                <span class="method-start">8772 ms</span>
              </div> <!-- configuration-method after -->
              <div class="test-method">
                <span class="method-name">managerAddCustomer(Tessa, , 980760)</span>
                <span class="method-start">8773 ms</span>
              </div> <!-- test-method -->
              <div class="configuration-method after">
                <span class="method-name">takeScreenshot([TestResult name=managerAddCustomer status=SUCCESS method=TestDriver.managerAddCustomer(java.lang.St...)</span>
                <span class="method-start">9081 ms</span>
              </div> <!-- configuration-method after -->
              <div class="test-method">
                <span class="method-name">managerAddCustomer(Praveen, Kumar, 786456)</span>
                <span class="method-start">9082 ms</span>
              </div> <!-- test-method -->
              <div class="configuration-method after">
                <span class="method-name">takeScreenshot([TestResult name=managerAddCustomer status=SUCCESS method=TestDriver.managerAddCustomer(java.lang.St...)</span>
                <span class="method-start">9429 ms</span>
              </div> <!-- configuration-method after -->
              <div class="test-method">
                <img src="failed.png">
                </img>
                <span class="method-name">managerAddCustomer(Robin, Hood2222, 868933)</span>
                <span class="method-start">9430 ms</span>
              </div> <!-- test-method -->
              <div class="configuration-method after">
                <span class="method-name">takeScreenshot([TestResult name=managerAddCustomer status=FAILURE method=TestDriver.managerAddCustomer(java.lang.St...)</span>
                <span class="method-start">10799 ms</span>
              </div> <!-- configuration-method after -->
              <div class="test-method">
                <span class="method-name">managerAddCustomer(Sarah, K, )</span>
                <span class="method-start">10801 ms</span>
              </div> <!-- test-method -->
              <div class="configuration-method after">
                <span class="method-name">takeScreenshot([TestResult name=managerAddCustomer status=SUCCESS method=TestDriver.managerAddCustomer(java.lang.St...)</span>
                <span class="method-start">11165 ms</span>
              </div> <!-- configuration-method after -->
              <div class="test-method">
                <img src="failed.png">
                </img>
                <span class="method-name">managerAddCustomer(James, J, -67)</span>
                <span class="method-start">11167 ms</span>
              </div> <!-- test-method -->
              <div class="configuration-method after">
                <span class="method-name">takeScreenshot([TestResult name=managerAddCustomer status=FAILURE method=TestDriver.managerAddCustomer(java.lang.St...)</span>
                <span class="method-start">12519 ms</span>
              </div> <!-- configuration-method after -->
              <div class="test-method">
                <img src="failed.png">
                </img>
                <span class="method-name">managerAddCustomer(Kavishnavi, K, 9999999)</span>
                <span class="method-start">12521 ms</span>
              </div> <!-- test-method -->
              <div class="configuration-method after">
                <span class="method-name">takeScreenshot([TestResult name=managerAddCustomer status=FAILURE method=TestDriver.managerAddCustomer(java.lang.St...)</span>
                <span class="method-start">13943 ms</span>
              </div> <!-- configuration-method after -->
              <div class="test-method">
                <img src="failed.png">
                </img>
                <span class="method-name">managerAddCustomer(Maran, Murugan, -9874)</span>
                <span class="method-start">13946 ms</span>
              </div> <!-- test-method -->
              <div class="configuration-method after">
                <span class="method-name">takeScreenshot([TestResult name=managerAddCustomer status=FAILURE method=TestDriver.managerAddCustomer(java.lang.St...)</span>
                <span class="method-start">15332 ms</span>
              </div> <!-- configuration-method after -->
              <div class="test-method">
                <img src="failed.png">
                </img>
                <span class="method-name">managerAddCustomer(Arjun, Reddy, 65356)</span>
                <span class="method-start">15332 ms</span>
              </div> <!-- test-method -->
              <div class="configuration-method after">
                <span class="method-name">takeScreenshot([TestResult name=managerAddCustomer status=FAILURE method=TestDriver.managerAddCustomer(java.lang.St...)</span>
                <span class="method-start">16763 ms</span>
              </div> <!-- configuration-method after -->
              <div class="test-method">
                <img src="failed.png">
                </img>
                <span class="method-name">managerAddCustomer(Shiva, KOD, 000000)</span>
                <span class="method-start">16767 ms</span>
              </div> <!-- test-method -->
              <div class="configuration-method after">
                <span class="method-name">takeScreenshot([TestResult name=managerAddCustomer status=FAILURE method=TestDriver.managerAddCustomer(java.lang.St...)</span>
                <span class="method-start">18136 ms</span>
              </div> <!-- configuration-method after -->
              <div class="test-method">
                <img src="failed.png">
                </img>
                <span class="method-name">managerAddCustomer(Chandu, S, 876#$%)</span>
                <span class="method-start">18138 ms</span>
              </div> <!-- test-method -->
              <div class="configuration-method after">
                <span class="method-name">takeScreenshot([TestResult name=managerAddCustomer status=FAILURE method=TestDriver.managerAddCustomer(java.lang.St...)</span>
                <span class="method-start">19507 ms</span>
              </div> <!-- configuration-method after -->
              <div class="test-method">
                <span class="method-name">managerOpenAccount1(1, 2, account created successfully with account number :, null)</span>
                <span class="method-start">19517 ms</span>
              </div> <!-- test-method -->
              <div class="configuration-method after">
                <span class="method-name">takeScreenshot([TestResult name=managerOpenAccount1 status=SUCCESS method=TestDriver.managerOpenAccount1(java.lang....)</span>
                <span class="method-start">20315 ms</span>
              </div> <!-- configuration-method after -->
              <div class="test-method">
                <span class="method-name">managerOpenAccount1(0, , please enter input, null)</span>
                <span class="method-start">20315 ms</span>
              </div> <!-- test-method -->
              <div class="configuration-method after">
                <span class="method-name">takeScreenshot([TestResult name=managerOpenAccount1 status=SUCCESS method=TestDriver.managerOpenAccount1(java.lang....)</span>
                <span class="method-start">20460 ms</span>
              </div> <!-- configuration-method after -->
              <div class="test-method">
                <span class="method-name">managerOpenAccount1(, , please enter input, null)</span>
                <span class="method-start">20461 ms</span>
              </div> <!-- test-method -->
              <div class="test-method">
                <img src="failed.png">
                </img>
                <span class="method-name">managerOpenAccount2</span>
                <span class="method-start">20595 ms</span>
              </div> <!-- test-method -->
              <div class="configuration-method after">
                <span class="method-name">takeScreenshot([TestResult name=managerOpenAccount1 status=SUCCESS method=TestDriver.managerOpenAccount1(java.lang....)</span>
                <span class="method-start">20595 ms</span>
              </div> <!-- configuration-method after -->
              <div class="configuration-method after">
                <span class="method-name">takeScreenshot([TestResult name=managerOpenAccount2 status=FAILURE method=TestDriver.managerOpenAccount2()[pri:3, i...)</span>
                <span class="method-start">21035 ms</span>
              </div> <!-- configuration-method after -->
              <div class="test-method">
                <span class="method-name">search(Harry, First Name)</span>
                <span class="method-start">21037 ms</span>
              </div> <!-- test-method -->
              <div class="configuration-method after">
                <span class="method-name">takeScreenshot([TestResult name=search status=SUCCESS method=TestDriver.search(java.lang.String,java.lang.String)[p...)</span>
                <span class="method-start">23247 ms</span>
              </div> <!-- configuration-method after -->
              <div class="test-method">
                <span class="method-name">search(Granger, Last Name)</span>
                <span class="method-start">23248 ms</span>
              </div> <!-- test-method -->
              <div class="configuration-method after">
                <span class="method-name">takeScreenshot([TestResult name=search status=SUCCESS method=TestDriver.search(java.lang.String,java.lang.String)[p...)</span>
                <span class="method-start">24806 ms</span>
              </div> <!-- configuration-method after -->
              <div class="test-method">
                <span class="method-name">search(Midhun, First Name)</span>
                <span class="method-start">24807 ms</span>
              </div> <!-- test-method -->
              <div class="configuration-method after">
                <span class="method-name">takeScreenshot([TestResult name=search status=SUCCESS method=TestDriver.search(java.lang.String,java.lang.String)[p...)</span>
                <span class="method-start">31574 ms</span>
              </div> <!-- configuration-method after -->
              <div class="test-method">
                <span class="method-name">search(E89898, Pincode)</span>
                <span class="method-start">31578 ms</span>
              </div> <!-- test-method -->
              <div class="configuration-method after">
                <span class="method-name">takeScreenshot([TestResult name=search status=SUCCESS method=TestDriver.search(java.lang.String,java.lang.String)[p...)</span>
                <span class="method-start">33181 ms</span>
              </div> <!-- configuration-method after -->
              <div class="test-method">
                <span class="method-name">deleteCustomer</span>
                <span class="method-start">33182 ms</span>
              </div> <!-- test-method -->
              <div class="configuration-method after">
                <span class="method-name">takeScreenshot([TestResult name=deleteCustomer status=SUCCESS method=TestDriver.deleteCustomer()[pri:5, instance:co...)</span>
                <span class="method-start">41811 ms</span>
              </div> <!-- configuration-method after -->
              <div class="configuration-class after">
                <span class="method-name">tearDown</span>
                <span class="method-start">41812 ms</span>
              </div> <!-- configuration-class after -->
            </div> <!-- chronological-class -->
            <div class="chronological-class">
              <div class="chronological-class-name">com.sonata.CustomerLogin.TestDriver</div> <!-- chronological-class-name -->
              <div class="configuration-class before">
                <span class="method-name">setUp</span>
                <span class="method-start">42487 ms</span>
              </div> <!-- configuration-class before -->
              <div class="test-method">
                <span class="method-name">deposit(200, 5, 1, deposit successful)</span>
                <span class="method-start">45853 ms</span>
              </div> <!-- test-method -->
              <div class="test-method">
                <span class="method-name">deposit(-100, 2, 1, )</span>
                <span class="method-start">50305 ms</span>
              </div> <!-- test-method -->
              <div class="configuration-method after">
                <span class="method-name">takeScreenshot([TestResult name=deposit status=SUCCESS method=TestDriver.deposit(java.lang.String,java.lang.String,...)</span>
                <span class="method-start">50305 ms</span>
              </div> <!-- configuration-method after -->
              <div class="configuration-method after">
                <span class="method-name">takeScreenshot([TestResult name=deposit status=SUCCESS method=TestDriver.deposit(java.lang.String,java.lang.String,...)</span>
                <span class="method-start">50974 ms</span>
              </div> <!-- configuration-method after -->
              <div class="test-method">
                <img src="failed.png">
                </img>
                <span class="method-name">deposit(100000000000000000000000000, 4, 0, invalid amount)</span>
                <span class="method-start">50975 ms</span>
              </div> <!-- test-method -->
              <div class="configuration-method after">
                <span class="method-name">takeScreenshot([TestResult name=deposit status=FAILURE method=TestDriver.deposit(java.lang.String,java.lang.String,...)</span>
                <span class="method-start">51664 ms</span>
              </div> <!-- configuration-method after -->
              <div class="test-method">
                <span class="method-name">deposit(200, 5, 1, deposit successful)</span>
                <span class="method-start">52109 ms</span>
              </div> <!-- test-method -->
              <div class="configuration-method after">
                <span class="method-name">takeScreenshot([TestResult name=deposit status=SUCCESS method=TestDriver.deposit(java.lang.String,java.lang.String,...)</span>
                <span class="method-start">52544 ms</span>
              </div> <!-- configuration-method after -->
              <div class="test-method">
                <img src="failed.png">
                </img>
                <span class="method-name">withdraw(200, 5, 1, Transaction successful)</span>
                <span class="method-start">52545 ms</span>
              </div> <!-- test-method -->
              <div class="configuration-method after">
                <span class="method-name">takeScreenshot([TestResult name=withdraw status=FAILURE method=TestDriver.withdraw(java.lang.String,java.lang.Strin...)</span>
                <span class="method-start">53660 ms</span>
              </div> <!-- configuration-method after -->
              <div class="test-method">
                <img src="failed.png">
                </img>
                <span class="method-name">withdraw(-200, 2, 2, )</span>
                <span class="method-start">53743 ms</span>
              </div> <!-- test-method -->
              <div class="configuration-method after">
                <span class="method-name">takeScreenshot([TestResult name=withdraw status=FAILURE method=TestDriver.withdraw(java.lang.String,java.lang.Strin...)</span>
                <span class="method-start">54186 ms</span>
              </div> <!-- configuration-method after -->
              <div class="test-method">
                <img src="failed.png">
                </img>
                <span class="method-name">transaction</span>
                <span class="method-start">54276 ms</span>
              </div> <!-- test-method -->
              <div class="configuration-method after">
                <span class="method-name">takeScreenshot([TestResult name=transaction status=FAILURE method=TestDriver.transaction()[pri:3, instance:com.sona...)</span>
                <span class="method-start">55511 ms</span>
              </div> <!-- configuration-method after -->
              <div class="configuration-class after">
                <span class="method-name">tearDown</span>
                <span class="method-start">55598 ms</span>
              </div> <!-- configuration-class after -->
          </div> <!-- main-panel-content rounded-window-bottom -->
        </div> <!-- panel -->
      </div> <!-- main-panel-root -->
    </div> <!-- wrapper -->
  </body>
<script type="text/javascript" src="testng-reports2.js"></script>
</html>
